# JRE version: OpenJDK Runtime Environment (7.0_111-b01) (build 1.7.0_111-b01)
# Java VM: OpenJDK 64-Bit Server VM (24.111-b01 mixed mode linux-amd64 compressed oops)
Heap
 PSYoungGen      total 184320K, used 165099K [0x0000000795500000, 0x00000007abe00000, 0x0000000800000000)
  eden space 165376K, 99% used [0x0000000795500000,0x000000079f63aca8,0x000000079f680000)
  from space 18944K, 0% used [0x000000079f680000,0x000000079f680000,0x00000007a0900000)
  to   space 19456K, 0% used [0x00000007aab00000,0x00000007aab00000,0x00000007abe00000)
 ParOldGen       total 507904K, used 430305K [0x00000006c0000000, 0x00000006df000000, 0x0000000795500000)
  object space 507904K, 84% used [0x00000006c0000000,0x00000006da438740,0x00000006df000000)
 PSPermGen       total 84992K, used 42229K [0x00000006b5a00000, 0x00000006bad00000, 0x00000006c0000000)
  object space 84992K, 49% used [0x00000006b5a00000,0x00000006b833d610,0x00000006bad00000)
GC Heap History (10 events):
Event: 15.444 GC heap before
{Heap before GC invocations=4 (full 0):
 PSYoungGen      total 45056K, used 45024K [0x0000000795500000, 0x000000079ad00000, 0x0000000800000000)
  eden space 41984K, 100% used [0x0000000795500000,0x0000000797e00000,0x0000000797e00000)
  from space 3072K, 98% used [0x0000000797e00000,0x00000007980f8020,0x0000000798100000)
  to   space 3072K, 0% used [0x000000079aa00000,0x000000079aa00000,0x000000079ad00000)
 ParOldGen       total 53248K, used 8974K [0x00000006c0000000, 0x00000006c3400000, 0x0000000795500000)
  object space 53248K, 16% used [0x00000006c0000000,0x00000006c08c3a10,0x00000006c3400000)
 PSPermGen       total 31232K, used 31011K [0x00000006b5a00000, 0x00000006b7880000, 0x00000006c0000000)
  object space 31232K, 99% used [0x00000006b5a00000,0x00000006b7848c28,0x00000006b7880000)
Event: 15.523 GC heap after
Heap after GC invocations=4 (full 0):
 PSYoungGen      total 87040K, used 3049K [0x0000000795500000, 0x000000079ad00000, 0x0000000800000000)
  eden space 83968K, 0% used [0x0000000795500000,0x0000000795500000,0x000000079a700000)
  from space 3072K, 99% used [0x000000079aa00000,0x000000079acfa428,0x000000079ad00000)
  to   space 3072K, 0% used [0x000000079a700000,0x000000079a700000,0x000000079aa00000)
 ParOldGen       total 53248K, used 15857K [0x00000006c0000000, 0x00000006c3400000, 0x0000000795500000)
  object space 53248K, 29% used [0x00000006c0000000,0x00000006c0f7c640,0x00000006c3400000)
 PSPermGen       total 31232K, used 31011K [0x00000006b5a00000, 0x00000006b7880000, 0x00000006c0000000)
  object space 31232K, 99% used [0x00000006b5a00000,0x00000006b7848c28,0x00000006b7880000)
}
Event: 19.463 GC heap before
{Heap before GC invocations=5 (full 0):
 PSYoungGen      total 87040K, used 87017K [0x0000000795500000, 0x000000079ad00000, 0x0000000800000000)
  eden space 83968K, 100% used [0x0000000795500000,0x000000079a700000,0x000000079a700000)
  from space 3072K, 99% used [0x000000079aa00000,0x000000079acfa428,0x000000079ad00000)
  to   space 3072K, 0% used [0x000000079a700000,0x000000079a700000,0x000000079aa00000)
 ParOldGen       total 53248K, used 15857K [0x00000006c0000000, 0x00000006c3400000, 0x0000000795500000)
  object space 53248K, 29% used [0x00000006c0000000,0x00000006c0f7c640,0x00000006c3400000)
 PSPermGen       total 38912K, used 38469K [0x00000006b5a00000, 0x00000006b8000000, 0x00000006c0000000)
  object space 38912K, 98% used [0x00000006b5a00000,0x00000006b7f914b0,0x00000006b8000000)
Event: 19.630 GC heap after
Heap after GC invocations=5 (full 0):
 PSYoungGen      total 87040K, used 3056K [0x0000000795500000, 0x00000007a1900000, 0x0000000800000000)
  eden space 83968K, 0% used [0x0000000795500000,0x0000000795500000,0x000000079a700000)
  from space 3072K, 99% used [0x000000079a700000,0x000000079a9fc010,0x000000079aa00000)
  to   space 16384K, 0% used [0x00000007a0900000,0x00000007a0900000,0x00000007a1900000)
 ParOldGen       total 53248K, used 29192K [0x00000006c0000000, 0x00000006c3400000, 0x0000000795500000)
  object space 53248K, 54% used [0x00000006c0000000,0x00000006c1c82200,0x00000006c3400000)
 PSPermGen       total 38912K, used 38469K [0x00000006b5a00000, 0x00000006b8000000, 0x00000006c0000000)
  object space 38912K, 98% used [0x00000006b5a00000,0x00000006b7f914b0,0x00000006b8000000)
}
Event: 25.162 GC heap before
{Heap before GC invocations=6 (full 0):
 PSYoungGen      total 87040K, used 87024K [0x0000000795500000, 0x00000007a1900000, 0x0000000800000000)
  eden space 83968K, 100% used [0x0000000795500000,0x000000079a700000,0x000000079a700000)
  from space 3072K, 99% used [0x000000079a700000,0x000000079a9fc010,0x000000079aa00000)
  to   space 16384K, 0% used [0x00000007a0900000,0x00000007a0900000,0x00000007a1900000)
 ParOldGen       total 53248K, used 29192K [0x00000006c0000000, 0x00000006c3400000, 0x0000000795500000)
  object space 53248K, 54% used [0x00000006c0000000,0x00000006c1c82200,0x00000006c3400000)
 PSPermGen       total 42496K, used 42147K [0x00000006b5a00000, 0x00000006b8380000, 0x00000006c0000000)
  object space 42496K, 99% used [0x00000006b5a00000,0x00000006b8328cc8,0x00000006b8380000)
Event: 25.236 GC heap after
Heap after GC invocations=6 (full 0):
 PSYoungGen      total 181760K, used 15067K [0x0000000795500000, 0x00000007a1e00000, 0x0000000800000000)
  eden space 165376K, 0% used [0x0000000795500000,0x0000000795500000,0x000000079f680000)
  from space 16384K, 91% used [0x00000007a0900000,0x00000007a17b6e00,0x00000007a1900000)
  to   space 18944K, 0% used [0x000000079f680000,0x000000079f680000,0x00000007a0900000)
 ParOldGen       total 53248K, used 29200K [0x00000006c0000000, 0x00000006c3400000, 0x0000000795500000)
  object space 53248K, 54% used [0x00000006c0000000,0x00000006c1c84200,0x00000006c3400000)
 PSPermGen       total 42496K, used 42147K [0x00000006b5a00000, 0x00000006b8380000, 0x00000006c0000000)
  object space 42496K, 99% used [0x00000006b5a00000,0x00000006b8328cc8,0x00000006b8380000)
}
Event: 278.159 GC heap before
{Heap before GC invocations=7 (full 0):
 PSYoungGen      total 181760K, used 154774K [0x0000000795500000, 0x00000007a1e00000, 0x0000000800000000)
  eden space 165376K, 84% used [0x0000000795500000,0x000000079dd6ed08,0x000000079f680000)
  from space 16384K, 91% used [0x00000007a0900000,0x00000007a17b6e00,0x00000007a1900000)
  to   space 18944K, 0% used [0x000000079f680000,0x000000079f680000,0x00000007a0900000)
 ParOldGen       total 53248K, used 29200K [0x00000006c0000000, 0x00000006c3400000, 0x0000000795500000)
  object space 53248K, 54% used [0x00000006c0000000,0x00000006c1c84200,0x00000006c3400000)
 PSPermGen       total 42496K, used 42420K [0x00000006b5a00000, 0x00000006b8380000, 0x00000006c0000000)
  object space 42496K, 99% used [0x00000006b5a00000,0x00000006b836d3e8,0x00000006b8380000)
Event: 280.695 GC heap after
Heap after GC invocations=7 (full 0):
 PSYoungGen      total 184320K, used 13256K [0x0000000795500000, 0x00000007abe00000, 0x0000000800000000)
  eden space 165376K, 0% used [0x0000000795500000,0x0000000795500000,0x000000079f680000)
  from space 18944K, 69% used [0x000000079f680000,0x00000007a03720b8,0x00000007a0900000)
  to   space 19456K, 0% used [0x00000007aab00000,0x00000007aab00000,0x00000007abe00000)
 ParOldGen       total 136192K, used 112508K [0x00000006c0000000, 0x00000006c8500000, 0x0000000795500000)
  object space 136192K, 82% used [0x00000006c0000000,0x00000006c6ddf270,0x00000006c8500000)
 PSPermGen       total 42496K, used 42420K [0x00000006b5a00000, 0x00000006b8380000, 0x00000006c0000000)
  object space 42496K, 99% used [0x00000006b5a00000,0x00000006b836d3e8,0x00000006b8380000)
}
Event: 280.695 GC heap before
{Heap before GC invocations=8 (full 1):
 PSYoungGen      total 184320K, used 13256K [0x0000000795500000, 0x00000007abe00000, 0x0000000800000000)
  eden space 165376K, 0% used [0x0000000795500000,0x0000000795500000,0x000000079f680000)
  from space 18944K, 69% used [0x000000079f680000,0x00000007a03720b8,0x00000007a0900000)
  to   space 19456K, 0% used [0x00000007aab00000,0x00000007aab00000,0x00000007abe00000)
 ParOldGen       total 136192K, used 112508K [0x00000006c0000000, 0x00000006c8500000, 0x0000000795500000)
  object space 136192K, 82% used [0x00000006c0000000,0x00000006c6ddf270,0x00000006c8500000)
 PSPermGen       total 42496K, used 42420K [0x00000006b5a00000, 0x00000006b8380000, 0x00000006c0000000)
  object space 42496K, 99% used [0x00000006b5a00000,0x00000006b836d3e8,0x00000006b8380000)
Event: 281.665 GC heap after
Heap after GC invocations=8 (full 1):
 PSYoungGen      total 184320K, used 0K [0x0000000795500000, 0x00000007abe00000, 0x0000000800000000)
  eden space 165376K, 0% used [0x0000000795500000,0x0000000795500000,0x000000079f680000)
  from space 18944K, 0% used [0x000000079f680000,0x000000079f680000,0x00000007a0900000)
  to   space 19456K, 0% used [0x00000007aab00000,0x00000007aab00000,0x00000007abe00000)
 ParOldGen       total 161280K, used 84674K [0x00000006c0000000, 0x00000006c9d80000, 0x0000000795500000)
  object space 161280K, 52% used [0x00000006c0000000,0x00000006c52b0920,0x00000006c9d80000)
 PSPermGen       total 84992K, used 42225K [0x00000006b5a00000, 0x00000006bad00000, 0x00000006c0000000)
  object space 84992K, 49% used [0x00000006b5a00000,0x00000006b833c7b0,0x00000006bad00000)
}

