# JRE version: OpenJDK Runtime Environment (7.0_111-b01) (build 1.7.0_111-b01)
# Java VM: OpenJDK 64-Bit Server VM (24.111-b01 mixed mode linux-amd64 compressed oops)
Heap
 PSYoungGen      total 184320K, used 165246K [0x0000000795500000, 0x00000007abf00000, 0x0000000800000000)
  eden space 165888K, 99% used [0x0000000795500000,0x000000079f65fa70,0x000000079f700000)
  from space 18432K, 0% used [0x000000079f700000,0x000000079f700000,0x00000007a0900000)
  to   space 19456K, 0% used [0x00000007aac00000,0x00000007aac00000,0x00000007abf00000)
 ParOldGen       total 485888K, used 428176K [0x00000006c0000000, 0x00000006dda80000, 0x0000000795500000)
  object space 485888K, 88% used [0x00000006c0000000,0x00000006da2240b8,0x00000006dda80000)
 PSPermGen       total 84992K, used 42221K [0x00000006b5a00000, 0x00000006bad00000, 0x00000006c0000000)
  object space 84992K, 49% used [0x00000006b5a00000,0x00000006b833b4b0,0x00000006bad00000)
GC Heap History (10 events):
Event: 14.137 GC heap before
{Heap before GC invocations=4 (full 0):
 PSYoungGen      total 45056K, used 45040K [0x0000000795500000, 0x000000079ad00000, 0x0000000800000000)
  eden space 41984K, 100% used [0x0000000795500000,0x0000000797e00000,0x0000000797e00000)
  from space 3072K, 99% used [0x0000000797e00000,0x00000007980fc010,0x0000000798100000)
  to   space 3072K, 0% used [0x000000079aa00000,0x000000079aa00000,0x000000079ad00000)
 ParOldGen       total 53248K, used 9159K [0x00000006c0000000, 0x00000006c3400000, 0x0000000795500000)
  object space 53248K, 17% used [0x00000006c0000000,0x00000006c08f1c68,0x00000006c3400000)
 PSPermGen       total 31232K, used 30968K [0x00000006b5a00000, 0x00000006b7880000, 0x00000006c0000000)
  object space 31232K, 99% used [0x00000006b5a00000,0x00000006b783e308,0x00000006b7880000)
Event: 14.211 GC heap after
Heap after GC invocations=4 (full 0):
 PSYoungGen      total 87040K, used 3065K [0x0000000795500000, 0x000000079ad00000, 0x0000000800000000)
  eden space 83968K, 0% used [0x0000000795500000,0x0000000795500000,0x000000079a700000)
  from space 3072K, 99% used [0x000000079aa00000,0x000000079acfe428,0x000000079ad00000)
  to   space 3072K, 0% used [0x000000079a700000,0x000000079a700000,0x000000079aa00000)
 ParOldGen       total 53248K, used 15730K [0x00000006c0000000, 0x00000006c3400000, 0x0000000795500000)
  object space 53248K, 29% used [0x00000006c0000000,0x00000006c0f5c8c8,0x00000006c3400000)
 PSPermGen       total 31232K, used 30968K [0x00000006b5a00000, 0x00000006b7880000, 0x00000006c0000000)
  object space 31232K, 99% used [0x00000006b5a00000,0x00000006b783e308,0x00000006b7880000)
}
Event: 18.672 GC heap before
{Heap before GC invocations=5 (full 0):
 PSYoungGen      total 87040K, used 87033K [0x0000000795500000, 0x000000079ad00000, 0x0000000800000000)
  eden space 83968K, 100% used [0x0000000795500000,0x000000079a700000,0x000000079a700000)
  from space 3072K, 99% used [0x000000079aa00000,0x000000079acfe428,0x000000079ad00000)
  to   space 3072K, 0% used [0x000000079a700000,0x000000079a700000,0x000000079aa00000)
 ParOldGen       total 53248K, used 15730K [0x00000006c0000000, 0x00000006c3400000, 0x0000000795500000)
  object space 53248K, 29% used [0x00000006c0000000,0x00000006c0f5c8c8,0x00000006c3400000)
 PSPermGen       total 38912K, used 38407K [0x00000006b5a00000, 0x00000006b8000000, 0x00000006c0000000)
  object space 38912K, 98% used [0x00000006b5a00000,0x00000006b7f81d90,0x00000006b8000000)
Event: 18.765 GC heap after
Heap after GC invocations=5 (full 0):
 PSYoungGen      total 87040K, used 3056K [0x0000000795500000, 0x00000007a1900000, 0x0000000800000000)
  eden space 83968K, 0% used [0x0000000795500000,0x0000000795500000,0x000000079a700000)
  from space 3072K, 99% used [0x000000079a700000,0x000000079a9fc010,0x000000079aa00000)
  to   space 16384K, 0% used [0x00000007a0900000,0x00000007a0900000,0x00000007a1900000)
 ParOldGen       total 53248K, used 28880K [0x00000006c0000000, 0x00000006c3400000, 0x0000000795500000)
  object space 53248K, 54% used [0x00000006c0000000,0x00000006c1c34128,0x00000006c3400000)
 PSPermGen       total 38912K, used 38407K [0x00000006b5a00000, 0x00000006b8000000, 0x00000006c0000000)
  object space 38912K, 98% used [0x00000006b5a00000,0x00000006b7f81d90,0x00000006b8000000)
}
Event: 23.166 GC heap before
{Heap before GC invocations=6 (full 0):
 PSYoungGen      total 87040K, used 87024K [0x0000000795500000, 0x00000007a1900000, 0x0000000800000000)
  eden space 83968K, 100% used [0x0000000795500000,0x000000079a700000,0x000000079a700000)
  from space 3072K, 99% used [0x000000079a700000,0x000000079a9fc010,0x000000079aa00000)
  to   space 16384K, 0% used [0x00000007a0900000,0x00000007a0900000,0x00000007a1900000)
 ParOldGen       total 53248K, used 28880K [0x00000006c0000000, 0x00000006c3400000, 0x0000000795500000)
  object space 53248K, 54% used [0x00000006c0000000,0x00000006c1c34128,0x00000006c3400000)
 PSPermGen       total 42496K, used 42150K [0x00000006b5a00000, 0x00000006b8380000, 0x00000006c0000000)
  object space 42496K, 99% used [0x00000006b5a00000,0x00000006b83298c8,0x00000006b8380000)
Event: 23.253 GC heap after
Heap after GC invocations=6 (full 0):
 PSYoungGen      total 182272K, used 15152K [0x0000000795500000, 0x00000007a1d00000, 0x0000000800000000)
  eden space 165888K, 0% used [0x0000000795500000,0x0000000795500000,0x000000079f700000)
  from space 16384K, 92% used [0x00000007a0900000,0x00000007a17cc098,0x00000007a1900000)
  to   space 18432K, 0% used [0x000000079f700000,0x000000079f700000,0x00000007a0900000)
 ParOldGen       total 53248K, used 28888K [0x00000006c0000000, 0x00000006c3400000, 0x0000000795500000)
  object space 53248K, 54% used [0x00000006c0000000,0x00000006c1c36128,0x00000006c3400000)
 PSPermGen       total 42496K, used 42150K [0x00000006b5a00000, 0x00000006b8380000, 0x00000006c0000000)
  object space 42496K, 99% used [0x00000006b5a00000,0x00000006b83298c8,0x00000006b8380000)
}
Event: 261.079 GC heap before
{Heap before GC invocations=7 (full 0):
 PSYoungGen      total 182272K, used 157156K [0x0000000795500000, 0x00000007a1d00000, 0x0000000800000000)
  eden space 165888K, 85% used [0x0000000795500000,0x000000079dfad320,0x000000079f700000)
  from space 16384K, 92% used [0x00000007a0900000,0x00000007a17cc098,0x00000007a1900000)
  to   space 18432K, 0% used [0x000000079f700000,0x000000079f700000,0x00000007a0900000)
 ParOldGen       total 53248K, used 28888K [0x00000006c0000000, 0x00000006c3400000, 0x0000000795500000)
  object space 53248K, 54% used [0x00000006c0000000,0x00000006c1c36128,0x00000006c3400000)
 PSPermGen       total 42496K, used 42413K [0x00000006b5a00000, 0x00000006b8380000, 0x00000006c0000000)
  object space 42496K, 99% used [0x00000006b5a00000,0x00000006b836b550,0x00000006b8380000)
Event: 264.256 GC heap after
Heap after GC invocations=7 (full 0):
 PSYoungGen      total 184320K, used 13592K [0x0000000795500000, 0x00000007abf00000, 0x0000000800000000)
  eden space 165888K, 0% used [0x0000000795500000,0x0000000795500000,0x000000079f700000)
  from space 18432K, 73% used [0x000000079f700000,0x00000007a04460c8,0x00000007a0900000)
  to   space 19456K, 0% used [0x00000007aac00000,0x00000007aac00000,0x00000007abf00000)
 ParOldGen       total 94720K, used 71106K [0x00000006c0000000, 0x00000006c5c80000, 0x0000000795500000)
  object space 94720K, 75% used [0x00000006c0000000,0x00000006c4570988,0x00000006c5c80000)
 PSPermGen       total 42496K, used 42413K [0x00000006b5a00000, 0x00000006b8380000, 0x00000006c0000000)
  object space 42496K, 99% used [0x00000006b5a00000,0x00000006b836b550,0x00000006b8380000)
}
Event: 264.257 GC heap before
{Heap before GC invocations=8 (full 1):
 PSYoungGen      total 184320K, used 13592K [0x0000000795500000, 0x00000007abf00000, 0x0000000800000000)
  eden space 165888K, 0% used [0x0000000795500000,0x0000000795500000,0x000000079f700000)
  from space 18432K, 73% used [0x000000079f700000,0x00000007a04460c8,0x00000007a0900000)
  to   space 19456K, 0% used [0x00000007aac00000,0x00000007aac00000,0x00000007abf00000)
 ParOldGen       total 94720K, used 71106K [0x00000006c0000000, 0x00000006c5c80000, 0x0000000795500000)
  object space 94720K, 75% used [0x00000006c0000000,0x00000006c4570988,0x00000006c5c80000)
 PSPermGen       total 42496K, used 42413K [0x00000006b5a00000, 0x00000006b8380000, 0x00000006c0000000)
  object space 42496K, 99% used [0x00000006b5a00000,0x00000006b836b550,0x00000006b8380000)
Event: 265.527 GC heap after
Heap after GC invocations=8 (full 1):
 PSYoungGen      total 184320K, used 0K [0x0000000795500000, 0x00000007abf00000, 0x0000000800000000)
  eden space 165888K, 0% used [0x0000000795500000,0x0000000795500000,0x000000079f700000)
  from space 18432K, 0% used [0x000000079f700000,0x000000079f700000,0x00000007a0900000)
  to   space 19456K, 0% used [0x00000007aac00000,0x00000007aac00000,0x00000007abf00000)
 ParOldGen       total 139264K, used 82544K [0x00000006c0000000, 0x00000006c8800000, 0x0000000795500000)
  object space 139264K, 59% used [0x00000006c0000000,0x00000006c509c298,0x00000006c8800000)
 PSPermGen       total 84992K, used 42218K [0x00000006b5a00000, 0x00000006bad00000, 0x00000006c0000000)
  object space 84992K, 49% used [0x00000006b5a00000,0x00000006b833aaf8,0x00000006bad00000)
}

